<?xml version="1.0" encoding="UTF-8"?>
<testng-results ignored="0" total="2" passed="2" failed="0" skipped="0">
  <reporter-output>
  </reporter-output>
  <suite started-at="2022-06-22T23:27:10 BST" name="ParaBankDemo" finished-at="2022-06-22T23:27:21 BST" duration-ms="10967">
    <groups>
      <group name="cucumber">
        <method signature="AbstractTestNGCucumberTests.runScenario(io.cucumber.testng.PickleWrapper, io.cucumber.testng.FeatureWrapper)[pri:0, instance:com.base.TestRunner@69c81773]" name="runScenario" class="io.cucumber.testng.AbstractTestNGCucumberTests"/>
      </group> <!-- cucumber -->
    </groups>
    <test started-at="2022-06-22T23:27:10 BST" name="ParaBankDemo" finished-at="2022-06-22T23:27:21 BST" duration-ms="10967">
      <class name="com.base.TestRunner">
        <test-method is-config="true" signature="setUpClass(org.testng.ITestContext)[pri:0, instance:com.base.TestRunner@69c81773]" started-at="2022-06-22T23:27:10 BST" name="setUpClass" finished-at="2022-06-22T23:27:11 BST" duration-ms="601" status="PASS">
          <params>
            <param index="0">
              <value>
                <![CDATA[org.testng.TestRunner@638ef7ed]]>
              </value>
            </param>
          </params>
          <reporter-output>
          </reporter-output>
        </test-method> <!-- setUpClass -->
        <test-method signature="runScenario(io.cucumber.testng.PickleWrapper, io.cucumber.testng.FeatureWrapper)[pri:0, instance:com.base.TestRunner@69c81773]" started-at="2022-06-22T23:27:11 BST" name="runScenario" description="Runs Cucumber Scenarios" data-provider="scenarios" finished-at="2022-06-22T23:27:19 BST" duration-ms="8303" status="PASS">
          <params>
            <param index="0">
              <value>
                <![CDATA["Check Balance"]]>
              </value>
            </param>
            <param index="1">
              <value>
                <![CDATA["Optional[HomePage]"]]>
              </value>
            </param>
          </params>
          <reporter-output>
          </reporter-output>
        </test-method> <!-- runScenario -->
        <test-method signature="runScenario(io.cucumber.testng.PickleWrapper, io.cucumber.testng.FeatureWrapper)[pri:0, instance:com.base.TestRunner@69c81773]" started-at="2022-06-22T23:27:11 BST" name="runScenario" description="Runs Cucumber Scenarios" data-provider="scenarios" finished-at="2022-06-22T23:27:18 BST" duration-ms="6823" status="PASS">
          <params>
            <param index="0">
              <value>
                <![CDATA["Verify links"]]>
              </value>
            </param>
            <param index="1">
              <value>
                <![CDATA["Optional[HomePage]"]]>
              </value>
            </param>
          </params>
          <reporter-output>
          </reporter-output>
        </test-method> <!-- runScenario -->
        <test-method is-config="true" signature="tearDownClass()[pri:0, instance:com.base.TestRunner@69c81773]" started-at="2022-06-22T23:27:19 BST" name="tearDownClass" finished-at="2022-06-22T23:27:21 BST" duration-ms="2043" status="PASS">
          <reporter-output>
          </reporter-output>
        </test-method> <!-- tearDownClass -->
      </class> <!-- com.base.TestRunner -->
    </test> <!-- ParaBankDemo -->
  </suite> <!-- ParaBankDemo -->
</testng-results>
